f:\项目源码\dd\dd\dd\debug\vc142.pdb
f:\项目源码\dd\dd\dd\debug\vc142.idb
f:\项目源码\dd\dd\dd\debug\workthread.obj
f:\项目源码\dd\dd\dd\debug\dddlg.obj
f:\项目源码\dd\dd\dd\debug\dlg1.obj
f:\项目源码\dd\dd\dd\debug\updatethread.obj
f:\项目源码\dd\dd\dd\debug\dd.obj
f:\项目源码\dd\dd\dd\debug\cdlgreg.obj
f:\项目源码\dd\dd\dd\debug\dd.pch
f:\项目源码\dd\dd\dd\debug\pch.obj
f:\项目源码\dd\dd\dd\debug\dlg2.obj
f:\项目源码\dd\dd\dd\debug\myclientsocket.obj
f:\项目源码\dd\dd\dd\debug\injectdll.obj
f:\项目源码\dd\dd\dd\debug\cmyconfig.obj
f:\项目源码\dd\dd\dd\debug\cgame.obj
f:\项目源码\dd\dd\debug\dd.exe
f:\项目源码\dd\dd\debug\dd.ilk
f:\项目源码\dd\dd\debug\dd.pdb
f:\项目源码\dd\dd\dd\debug\dd.res
f:\项目源码\dd\dd\dd\debug\dd.tlog\cl.command.1.tlog
f:\项目源码\dd\dd\dd\debug\dd.tlog\cl.read.1.tlog
f:\项目源码\dd\dd\dd\debug\dd.tlog\cl.write.1.tlog
f:\项目源码\dd\dd\dd\debug\dd.tlog\link.command.1.tlog
f:\项目源码\dd\dd\dd\debug\dd.tlog\link.read.1.tlog
f:\项目源码\dd\dd\dd\debug\dd.tlog\link.write.1.tlog
f:\项目源码\dd\dd\dd\debug\dd.tlog\rc.command.1.tlog
f:\项目源码\dd\dd\dd\debug\dd.tlog\rc.read.1.tlog
f:\项目源码\dd\dd\dd\debug\dd.tlog\rc.write.1.tlog
